

Started GET "/posts" for 192.168.56.1 at 2015-07-25 13:09:58 +1200

ActiveRecord::NoDatabaseError (FATAL:  database "ruby-getting-started_development" does not exist
):
  activerecord (4.2.0) lib/active_record/connection_adapters/postgresql_adapter.rb:661:in `rescue in connect'
  activerecord (4.2.0) lib/active_record/connection_adapters/postgresql_adapter.rb:651:in `connect'
  activerecord (4.2.0) lib/active_record/connection_adapters/postgresql_adapter.rb:242:in `initialize'
  activerecord (4.2.0) lib/active_record/connection_adapters/postgresql_adapter.rb:44:in `new'
  activerecord (4.2.0) lib/active_record/connection_adapters/postgresql_adapter.rb:44:in `postgresql_connection'
  activerecord (4.2.0) lib/active_record/connection_adapters/abstract/connection_pool.rb:436:in `new_connection'
  activerecord (4.2.0) lib/active_record/connection_adapters/abstract/connection_pool.rb:446:in `checkout_new_connection'
  activerecord (4.2.0) lib/active_record/connection_adapters/abstract/connection_pool.rb:422:in `acquire_connection'
  activerecord (4.2.0) lib/active_record/connection_adapters/abstract/connection_pool.rb:349:in `block in checkout'
  /home/mao/.rvm/rubies/ruby-2.2.0/lib/ruby/2.2.0/monitor.rb:211:in `mon_synchronize'
  activerecord (4.2.0) lib/active_record/connection_adapters/abstract/connection_pool.rb:348:in `checkout'
  activerecord (4.2.0) lib/active_record/connection_adapters/abstract/connection_pool.rb:263:in `block in connection'
  /home/mao/.rvm/rubies/ruby-2.2.0/lib/ruby/2.2.0/monitor.rb:211:in `mon_synchronize'
  activerecord (4.2.0) lib/active_record/connection_adapters/abstract/connection_pool.rb:262:in `connection'
  activerecord (4.2.0) lib/active_record/connection_adapters/abstract/connection_pool.rb:565:in `retrieve_connection'
  activerecord (4.2.0) lib/active_record/connection_handling.rb:113:in `retrieve_connection'
  activerecord (4.2.0) lib/active_record/connection_handling.rb:87:in `connection'
  activerecord (4.2.0) lib/active_record/migration.rb:384:in `connection'
  activerecord (4.2.0) lib/active_record/migration.rb:371:in `call'
  actionpack (4.2.0) lib/action_dispatch/middleware/callbacks.rb:29:in `block in call'
  activesupport (4.2.0) lib/active_support/callbacks.rb:88:in `call'
  activesupport (4.2.0) lib/active_support/callbacks.rb:88:in `_run_callbacks'
  activesupport (4.2.0) lib/active_support/callbacks.rb:734:in `_run_call_callbacks'
  activesupport (4.2.0) lib/active_support/callbacks.rb:81:in `run_callbacks'
  actionpack (4.2.0) lib/action_dispatch/middleware/callbacks.rb:27:in `call'
  actionpack (4.2.0) lib/action_dispatch/middleware/reloader.rb:73:in `call'
  actionpack (4.2.0) lib/action_dispatch/middleware/remote_ip.rb:78:in `call'
  actionpack (4.2.0) lib/action_dispatch/middleware/debug_exceptions.rb:17:in `call'
  actionpack (4.2.0) lib/action_dispatch/middleware/show_exceptions.rb:30:in `call'
  railties (4.2.0) lib/rails/rack/logger.rb:38:in `call_app'
  railties (4.2.0) lib/rails/rack/logger.rb:20:in `block in call'
  activesupport (4.2.0) lib/active_support/tagged_logging.rb:68:in `block in tagged'
  activesupport (4.2.0) lib/active_support/tagged_logging.rb:26:in `tagged'
  activesupport (4.2.0) lib/active_support/tagged_logging.rb:68:in `tagged'
  railties (4.2.0) lib/rails/rack/logger.rb:20:in `call'
  actionpack (4.2.0) lib/action_dispatch/middleware/request_id.rb:21:in `call'
  rack (1.6.1) lib/rack/methodoverride.rb:22:in `call'
  rack (1.6.1) lib/rack/runtime.rb:18:in `call'
  activesupport (4.2.0) lib/active_support/cache/strategy/local_cache_middleware.rb:28:in `call'
  rack (1.6.1) lib/rack/lock.rb:17:in `call'
  actionpack (4.2.0) lib/action_dispatch/middleware/static.rb:113:in `call'
  rack (1.6.1) lib/rack/sendfile.rb:113:in `call'
  railties (4.2.0) lib/rails/engine.rb:518:in `call'
  railties (4.2.0) lib/rails/application.rb:164:in `call'
  rack (1.6.1) lib/rack/content_length.rb:15:in `call'
  puma (2.9.1) lib/puma/server.rb:490:in `handle_request'
  puma (2.9.1) lib/puma/server.rb:361:in `process_client'
  puma (2.9.1) lib/puma/server.rb:254:in `block in run'
  puma (2.9.1) lib/puma/thread_pool.rb:92:in `call'
  puma (2.9.1) lib/puma/thread_pool.rb:92:in `block in spawn_thread'


  Rendered /home/mao/.rvm/gems/ruby-2.2.0/gems/actionpack-4.2.0/lib/action_dispatch/middleware/templates/rescues/_source.erb (3.1ms)
  Rendered /home/mao/.rvm/gems/ruby-2.2.0/gems/actionpack-4.2.0/lib/action_dispatch/middleware/templates/rescues/_trace.html.erb (2.5ms)
  Rendered /home/mao/.rvm/gems/ruby-2.2.0/gems/actionpack-4.2.0/lib/action_dispatch/middleware/templates/rescues/_request_and_response.html.erb (1.1ms)
  Rendered /home/mao/.rvm/gems/ruby-2.2.0/gems/actionpack-4.2.0/lib/action_dispatch/middleware/templates/rescues/diagnostics.html.erb within rescues/layout (32.0ms)


Started GET "/" for 192.168.56.1 at 2015-07-25 13:09:59 +1200

ActiveRecord::NoDatabaseError (FATAL:  database "ruby-getting-started_development" does not exist
):
  activerecord (4.2.0) lib/active_record/connection_adapters/postgresql_adapter.rb:661:in `rescue in connect'
  activerecord (4.2.0) lib/active_record/connection_adapters/postgresql_adapter.rb:651:in `connect'
  activerecord (4.2.0) lib/active_record/connection_adapters/postgresql_adapter.rb:242:in `initialize'
  activerecord (4.2.0) lib/active_record/connection_adapters/postgresql_adapter.rb:44:in `new'
  activerecord (4.2.0) lib/active_record/connection_adapters/postgresql_adapter.rb:44:in `postgresql_connection'
  activerecord (4.2.0) lib/active_record/connection_adapters/abstract/connection_pool.rb:436:in `new_connection'
  activerecord (4.2.0) lib/active_record/connection_adapters/abstract/connection_pool.rb:446:in `checkout_new_connection'
  activerecord (4.2.0) lib/active_record/connection_adapters/abstract/connection_pool.rb:422:in `acquire_connection'
  activerecord (4.2.0) lib/active_record/connection_adapters/abstract/connection_pool.rb:349:in `block in checkout'
  /home/mao/.rvm/rubies/ruby-2.2.0/lib/ruby/2.2.0/monitor.rb:211:in `mon_synchronize'
  activerecord (4.2.0) lib/active_record/connection_adapters/abstract/connection_pool.rb:348:in `checkout'
  activerecord (4.2.0) lib/active_record/connection_adapters/abstract/connection_pool.rb:263:in `block in connection'
  /home/mao/.rvm/rubies/ruby-2.2.0/lib/ruby/2.2.0/monitor.rb:211:in `mon_synchronize'
  activerecord (4.2.0) lib/active_record/connection_adapters/abstract/connection_pool.rb:262:in `connection'
  activerecord (4.2.0) lib/active_record/connection_adapters/abstract/connection_pool.rb:565:in `retrieve_connection'
  activerecord (4.2.0) lib/active_record/connection_handling.rb:113:in `retrieve_connection'
  activerecord (4.2.0) lib/active_record/connection_handling.rb:87:in `connection'
  activerecord (4.2.0) lib/active_record/migration.rb:384:in `connection'
  activerecord (4.2.0) lib/active_record/migration.rb:371:in `call'
  actionpack (4.2.0) lib/action_dispatch/middleware/callbacks.rb:29:in `block in call'
  activesupport (4.2.0) lib/active_support/callbacks.rb:88:in `call'
  activesupport (4.2.0) lib/active_support/callbacks.rb:88:in `_run_callbacks'
  activesupport (4.2.0) lib/active_support/callbacks.rb:734:in `_run_call_callbacks'
  activesupport (4.2.0) lib/active_support/callbacks.rb:81:in `run_callbacks'
  actionpack (4.2.0) lib/action_dispatch/middleware/callbacks.rb:27:in `call'
  actionpack (4.2.0) lib/action_dispatch/middleware/reloader.rb:73:in `call'
  actionpack (4.2.0) lib/action_dispatch/middleware/remote_ip.rb:78:in `call'
  actionpack (4.2.0) lib/action_dispatch/middleware/debug_exceptions.rb:17:in `call'
  actionpack (4.2.0) lib/action_dispatch/middleware/show_exceptions.rb:30:in `call'
  railties (4.2.0) lib/rails/rack/logger.rb:38:in `call_app'
  railties (4.2.0) lib/rails/rack/logger.rb:20:in `block in call'
  activesupport (4.2.0) lib/active_support/tagged_logging.rb:68:in `block in tagged'
  activesupport (4.2.0) lib/active_support/tagged_logging.rb:26:in `tagged'
  activesupport (4.2.0) lib/active_support/tagged_logging.rb:68:in `tagged'
  railties (4.2.0) lib/rails/rack/logger.rb:20:in `call'
  actionpack (4.2.0) lib/action_dispatch/middleware/request_id.rb:21:in `call'
  rack (1.6.1) lib/rack/methodoverride.rb:22:in `call'
  rack (1.6.1) lib/rack/runtime.rb:18:in `call'
  activesupport (4.2.0) lib/active_support/cache/strategy/local_cache_middleware.rb:28:in `call'
  rack (1.6.1) lib/rack/lock.rb:17:in `call'
  actionpack (4.2.0) lib/action_dispatch/middleware/static.rb:113:in `call'
  rack (1.6.1) lib/rack/sendfile.rb:113:in `call'
  railties (4.2.0) lib/rails/engine.rb:518:in `call'
  railties (4.2.0) lib/rails/application.rb:164:in `call'
  rack (1.6.1) lib/rack/content_length.rb:15:in `call'
  puma (2.9.1) lib/puma/server.rb:490:in `handle_request'
  puma (2.9.1) lib/puma/server.rb:361:in `process_client'
  puma (2.9.1) lib/puma/server.rb:254:in `block in run'
  puma (2.9.1) lib/puma/thread_pool.rb:92:in `call'
  puma (2.9.1) lib/puma/thread_pool.rb:92:in `block in spawn_thread'


  Rendered /home/mao/.rvm/gems/ruby-2.2.0/gems/actionpack-4.2.0/lib/action_dispatch/middleware/templates/rescues/_source.erb (4.2ms)
  Rendered /home/mao/.rvm/gems/ruby-2.2.0/gems/actionpack-4.2.0/lib/action_dispatch/middleware/templates/rescues/_trace.html.erb (4.7ms)
  Rendered /home/mao/.rvm/gems/ruby-2.2.0/gems/actionpack-4.2.0/lib/action_dispatch/middleware/templates/rescues/_request_and_response.html.erb (1.0ms)
  Rendered /home/mao/.rvm/gems/ruby-2.2.0/gems/actionpack-4.2.0/lib/action_dispatch/middleware/templates/rescues/diagnostics.html.erb within rescues/layout (29.3ms)


Started GET "/" for 192.168.56.1 at 2015-07-25 13:10:12 +1200

ActiveRecord::NoDatabaseError (FATAL:  database "ruby-getting-started_development" does not exist
):
  activerecord (4.2.0) lib/active_record/connection_adapters/postgresql_adapter.rb:661:in `rescue in connect'
  activerecord (4.2.0) lib/active_record/connection_adapters/postgresql_adapter.rb:651:in `connect'
  activerecord (4.2.0) lib/active_record/connection_adapters/postgresql_adapter.rb:242:in `initialize'
  activerecord (4.2.0) lib/active_record/connection_adapters/postgresql_adapter.rb:44:in `new'
  activerecord (4.2.0) lib/active_record/connection_adapters/postgresql_adapter.rb:44:in `postgresql_connection'
  activerecord (4.2.0) lib/active_record/connection_adapters/abstract/connection_pool.rb:436:in `new_connection'
  activerecord (4.2.0) lib/active_record/connection_adapters/abstract/connection_pool.rb:446:in `checkout_new_connection'
  activerecord (4.2.0) lib/active_record/connection_adapters/abstract/connection_pool.rb:422:in `acquire_connection'
  activerecord (4.2.0) lib/active_record/connection_adapters/abstract/connection_pool.rb:349:in `block in checkout'
  /home/mao/.rvm/rubies/ruby-2.2.0/lib/ruby/2.2.0/monitor.rb:211:in `mon_synchronize'
  activerecord (4.2.0) lib/active_record/connection_adapters/abstract/connection_pool.rb:348:in `checkout'
  activerecord (4.2.0) lib/active_record/connection_adapters/abstract/connection_pool.rb:263:in `block in connection'
  /home/mao/.rvm/rubies/ruby-2.2.0/lib/ruby/2.2.0/monitor.rb:211:in `mon_synchronize'
  activerecord (4.2.0) lib/active_record/connection_adapters/abstract/connection_pool.rb:262:in `connection'
  activerecord (4.2.0) lib/active_record/connection_adapters/abstract/connection_pool.rb:565:in `retrieve_connection'
  activerecord (4.2.0) lib/active_record/connection_handling.rb:113:in `retrieve_connection'
  activerecord (4.2.0) lib/active_record/connection_handling.rb:87:in `connection'
  activerecord (4.2.0) lib/active_record/migration.rb:384:in `connection'
  activerecord (4.2.0) lib/active_record/migration.rb:371:in `call'
  actionpack (4.2.0) lib/action_dispatch/middleware/callbacks.rb:29:in `block in call'
  activesupport (4.2.0) lib/active_support/callbacks.rb:88:in `call'
  activesupport (4.2.0) lib/active_support/callbacks.rb:88:in `_run_callbacks'
  activesupport (4.2.0) lib/active_support/callbacks.rb:734:in `_run_call_callbacks'
  activesupport (4.2.0) lib/active_support/callbacks.rb:81:in `run_callbacks'
  actionpack (4.2.0) lib/action_dispatch/middleware/callbacks.rb:27:in `call'
  actionpack (4.2.0) lib/action_dispatch/middleware/reloader.rb:73:in `call'
  actionpack (4.2.0) lib/action_dispatch/middleware/remote_ip.rb:78:in `call'
  actionpack (4.2.0) lib/action_dispatch/middleware/debug_exceptions.rb:17:in `call'
  actionpack (4.2.0) lib/action_dispatch/middleware/show_exceptions.rb:30:in `call'
  railties (4.2.0) lib/rails/rack/logger.rb:38:in `call_app'
  railties (4.2.0) lib/rails/rack/logger.rb:20:in `block in call'
  activesupport (4.2.0) lib/active_support/tagged_logging.rb:68:in `block in tagged'
  activesupport (4.2.0) lib/active_support/tagged_logging.rb:26:in `tagged'
  activesupport (4.2.0) lib/active_support/tagged_logging.rb:68:in `tagged'
  railties (4.2.0) lib/rails/rack/logger.rb:20:in `call'
  actionpack (4.2.0) lib/action_dispatch/middleware/request_id.rb:21:in `call'
  rack (1.6.1) lib/rack/methodoverride.rb:22:in `call'
  rack (1.6.1) lib/rack/runtime.rb:18:in `call'
  activesupport (4.2.0) lib/active_support/cache/strategy/local_cache_middleware.rb:28:in `call'
  rack (1.6.1) lib/rack/lock.rb:17:in `call'
  actionpack (4.2.0) lib/action_dispatch/middleware/static.rb:113:in `call'
  rack (1.6.1) lib/rack/sendfile.rb:113:in `call'
  railties (4.2.0) lib/rails/engine.rb:518:in `call'
  railties (4.2.0) lib/rails/application.rb:164:in `call'
  rack (1.6.1) lib/rack/content_length.rb:15:in `call'
  puma (2.9.1) lib/puma/server.rb:490:in `handle_request'
  puma (2.9.1) lib/puma/server.rb:361:in `process_client'
  puma (2.9.1) lib/puma/server.rb:254:in `block in run'
  puma (2.9.1) lib/puma/thread_pool.rb:92:in `call'
  puma (2.9.1) lib/puma/thread_pool.rb:92:in `block in spawn_thread'


  Rendered /home/mao/.rvm/gems/ruby-2.2.0/gems/actionpack-4.2.0/lib/action_dispatch/middleware/templates/rescues/_source.erb (3.3ms)
  Rendered /home/mao/.rvm/gems/ruby-2.2.0/gems/actionpack-4.2.0/lib/action_dispatch/middleware/templates/rescues/_trace.html.erb (1.6ms)
  Rendered /home/mao/.rvm/gems/ruby-2.2.0/gems/actionpack-4.2.0/lib/action_dispatch/middleware/templates/rescues/_request_and_response.html.erb (1.1ms)
  Rendered /home/mao/.rvm/gems/ruby-2.2.0/gems/actionpack-4.2.0/lib/action_dispatch/middleware/templates/rescues/diagnostics.html.erb within rescues/layout (22.3ms)


Started GET "/" for 192.168.56.1 at 2015-07-25 13:12:37 +1200
  [1m[36mActiveRecord::SchemaMigration Load (0.6ms)[0m  [1mSELECT "schema_migrations".* FROM "schema_migrations"[0m

ActiveRecord::PendingMigrationError (

Migrations are pending. To resolve this issue, run:

	bin/rake db:migrate RAILS_ENV=development

):
  activerecord (4.2.0) lib/active_record/migration.rb:393:in `check_pending!'
  activerecord (4.2.0) lib/active_record/migration.rb:374:in `call'
  actionpack (4.2.0) lib/action_dispatch/middleware/callbacks.rb:29:in `block in call'
  activesupport (4.2.0) lib/active_support/callbacks.rb:88:in `call'
  activesupport (4.2.0) lib/active_support/callbacks.rb:88:in `_run_callbacks'
  activesupport (4.2.0) lib/active_support/callbacks.rb:734:in `_run_call_callbacks'
  activesupport (4.2.0) lib/active_support/callbacks.rb:81:in `run_callbacks'
  actionpack (4.2.0) lib/action_dispatch/middleware/callbacks.rb:27:in `call'
  actionpack (4.2.0) lib/action_dispatch/middleware/reloader.rb:73:in `call'
  actionpack (4.2.0) lib/action_dispatch/middleware/remote_ip.rb:78:in `call'
  actionpack (4.2.0) lib/action_dispatch/middleware/debug_exceptions.rb:17:in `call'
  actionpack (4.2.0) lib/action_dispatch/middleware/show_exceptions.rb:30:in `call'
  railties (4.2.0) lib/rails/rack/logger.rb:38:in `call_app'
  railties (4.2.0) lib/rails/rack/logger.rb:20:in `block in call'
  activesupport (4.2.0) lib/active_support/tagged_logging.rb:68:in `block in tagged'
  activesupport (4.2.0) lib/active_support/tagged_logging.rb:26:in `tagged'
  activesupport (4.2.0) lib/active_support/tagged_logging.rb:68:in `tagged'
  railties (4.2.0) lib/rails/rack/logger.rb:20:in `call'
  actionpack (4.2.0) lib/action_dispatch/middleware/request_id.rb:21:in `call'
  rack (1.6.1) lib/rack/methodoverride.rb:22:in `call'
  rack (1.6.1) lib/rack/runtime.rb:18:in `call'
  activesupport (4.2.0) lib/active_support/cache/strategy/local_cache_middleware.rb:28:in `call'
  rack (1.6.1) lib/rack/lock.rb:17:in `call'
  actionpack (4.2.0) lib/action_dispatch/middleware/static.rb:113:in `call'
  rack (1.6.1) lib/rack/sendfile.rb:113:in `call'
  railties (4.2.0) lib/rails/engine.rb:518:in `call'
  railties (4.2.0) lib/rails/application.rb:164:in `call'
  rack (1.6.1) lib/rack/content_length.rb:15:in `call'
  puma (2.9.1) lib/puma/server.rb:490:in `handle_request'
  puma (2.9.1) lib/puma/server.rb:361:in `process_client'
  puma (2.9.1) lib/puma/server.rb:254:in `block in run'
  puma (2.9.1) lib/puma/thread_pool.rb:92:in `call'
  puma (2.9.1) lib/puma/thread_pool.rb:92:in `block in spawn_thread'


  Rendered /home/mao/.rvm/gems/ruby-2.2.0/gems/actionpack-4.2.0/lib/action_dispatch/middleware/templates/rescues/_source.erb (3.3ms)
  Rendered /home/mao/.rvm/gems/ruby-2.2.0/gems/actionpack-4.2.0/lib/action_dispatch/middleware/templates/rescues/_trace.html.erb (1.4ms)
  Rendered /home/mao/.rvm/gems/ruby-2.2.0/gems/actionpack-4.2.0/lib/action_dispatch/middleware/templates/rescues/_request_and_response.html.erb (1.5ms)
  Rendered /home/mao/.rvm/gems/ruby-2.2.0/gems/actionpack-4.2.0/lib/action_dispatch/middleware/templates/rescues/diagnostics.html.erb within rescues/layout (26.3ms)
  [1m[36mActiveRecord::SchemaMigration Load (0.3ms)[0m  [1mSELECT "schema_migrations".* FROM "schema_migrations"[0m
Migrating to CreateWidgets (20140707111715)
  [1m[35m (0.3ms)[0m  BEGIN
DEPRECATION WARNING: `#timestamp` was called without specifying an option for `null`. In Rails 5, this behavior will change to `null: false`. You should manually specify `null: true` to prevent the behavior of your existing migrations from changing. (called from block in change at /home/mao/git/ruby-getting-started/db/migrate/20140707111715_create_widgets.rb:8)
  [1m[36m (14.4ms)[0m  [1mCREATE TABLE "widgets" ("id" serial primary key, "name" character varying, "description" text, "stock" integer, "created_at" timestamp, "updated_at" timestamp) [0m
  [1m[35mSQL (0.3ms)[0m  INSERT INTO "schema_migrations" ("version") VALUES ($1)  [["version", "20140707111715"]]
  [1m[36m (4.4ms)[0m  [1mCOMMIT[0m
  [1m[35mActiveRecord::SchemaMigration Load (1.4ms)[0m  SELECT "schema_migrations".* FROM "schema_migrations"
  [1m[36m (2.2ms)[0m  [1mSELECT t2.oid::regclass::text AS to_table, a1.attname AS column, a2.attname AS primary_key, c.conname AS name, c.confupdtype AS on_update, c.confdeltype AS on_delete
FROM pg_constraint c
JOIN pg_class t1 ON c.conrelid = t1.oid
JOIN pg_class t2 ON c.confrelid = t2.oid
JOIN pg_attribute a1 ON a1.attnum = c.conkey[1] AND a1.attrelid = t1.oid
JOIN pg_attribute a2 ON a2.attnum = c.confkey[1] AND a2.attrelid = t2.oid
JOIN pg_namespace t3 ON c.connamespace = t3.oid
WHERE c.contype = 'f'
  AND t1.relname = 'posts'
  AND t3.nspname = ANY (current_schemas(false))
ORDER BY c.conname
[0m
  [1m[35m (2.1ms)[0m  SELECT t2.oid::regclass::text AS to_table, a1.attname AS column, a2.attname AS primary_key, c.conname AS name, c.confupdtype AS on_update, c.confdeltype AS on_delete
FROM pg_constraint c
JOIN pg_class t1 ON c.conrelid = t1.oid
JOIN pg_class t2 ON c.confrelid = t2.oid
JOIN pg_attribute a1 ON a1.attnum = c.conkey[1] AND a1.attrelid = t1.oid
JOIN pg_attribute a2 ON a2.attnum = c.confkey[1] AND a2.attrelid = t2.oid
JOIN pg_namespace t3 ON c.connamespace = t3.oid
WHERE c.contype = 'f'
  AND t1.relname = 'widgets'
  AND t3.nspname = ANY (current_schemas(false))
ORDER BY c.conname



Started GET "/" for 192.168.56.1 at 2015-07-25 13:13:35 +1200
  [1m[36mActiveRecord::SchemaMigration Load (0.5ms)[0m  [1mSELECT "schema_migrations".* FROM "schema_migrations"[0m
Processing by WelcomeController#index as HTML
  Rendered welcome/index.erb within layouts/application (3.7ms)
Completed 200 OK in 513ms (Views: 503.6ms | ActiveRecord: 0.0ms)


Started GET "/assets/jquery.js?body=1" for 192.168.56.1 at 2015-07-25 13:13:36 +1200


Started GET "/assets/jquery_ujs.js?body=1" for 192.168.56.1 at 2015-07-25 13:13:36 +1200


Started GET "/assets/turbolinks.js?body=1" for 192.168.56.1 at 2015-07-25 13:13:36 +1200


Started GET "/assets/welcome.js?body=1" for 192.168.56.1 at 2015-07-25 13:13:36 +1200


Started GET "/assets/application.js?body=1" for 192.168.56.1 at 2015-07-25 13:13:36 +1200


Started GET "/assets/scaffolds.css?body=1" for 192.168.56.1 at 2015-07-25 13:13:36 +1200


Started GET "/assets/widgets.js?body=1" for 192.168.56.1 at 2015-07-25 13:13:36 +1200


Started GET "/assets/theme.css?body=1" for 192.168.56.1 at 2015-07-25 13:13:36 +1200


Started GET "/assets/welcome.css?body=1" for 192.168.56.1 at 2015-07-25 13:13:36 +1200


Started GET "/assets/widgets.css?body=1" for 192.168.56.1 at 2015-07-25 13:13:36 +1200


Started GET "/assets/application.css?body=1" for 192.168.56.1 at 2015-07-25 13:13:36 +1200


Started GET "/assets/lang-logo.png" for 192.168.56.1 at 2015-07-25 13:13:37 +1200


Started GET "/" for 192.168.56.1 at 2015-07-25 13:15:24 +1200
  [1m[36mActiveRecord::SchemaMigration Load (0.4ms)[0m  [1mSELECT "schema_migrations".* FROM "schema_migrations"[0m

ActiveRecord::PendingMigrationError (

Migrations are pending. To resolve this issue, run:

	bin/rake db:migrate RAILS_ENV=development

):
  activerecord (4.2.0) lib/active_record/migration.rb:393:in `check_pending!'
  activerecord (4.2.0) lib/active_record/migration.rb:374:in `call'
  actionpack (4.2.0) lib/action_dispatch/middleware/callbacks.rb:29:in `block in call'
  activesupport (4.2.0) lib/active_support/callbacks.rb:88:in `call'
  activesupport (4.2.0) lib/active_support/callbacks.rb:88:in `_run_callbacks'
  activesupport (4.2.0) lib/active_support/callbacks.rb:734:in `_run_call_callbacks'
  activesupport (4.2.0) lib/active_support/callbacks.rb:81:in `run_callbacks'
  actionpack (4.2.0) lib/action_dispatch/middleware/callbacks.rb:27:in `call'
  actionpack (4.2.0) lib/action_dispatch/middleware/reloader.rb:73:in `call'
  actionpack (4.2.0) lib/action_dispatch/middleware/remote_ip.rb:78:in `call'
  actionpack (4.2.0) lib/action_dispatch/middleware/debug_exceptions.rb:17:in `call'
  actionpack (4.2.0) lib/action_dispatch/middleware/show_exceptions.rb:30:in `call'
  railties (4.2.0) lib/rails/rack/logger.rb:38:in `call_app'
  railties (4.2.0) lib/rails/rack/logger.rb:20:in `block in call'
  activesupport (4.2.0) lib/active_support/tagged_logging.rb:68:in `block in tagged'
  activesupport (4.2.0) lib/active_support/tagged_logging.rb:26:in `tagged'
  activesupport (4.2.0) lib/active_support/tagged_logging.rb:68:in `tagged'
  railties (4.2.0) lib/rails/rack/logger.rb:20:in `call'
  actionpack (4.2.0) lib/action_dispatch/middleware/request_id.rb:21:in `call'
  rack (1.6.1) lib/rack/methodoverride.rb:22:in `call'
  rack (1.6.1) lib/rack/runtime.rb:18:in `call'
  activesupport (4.2.0) lib/active_support/cache/strategy/local_cache_middleware.rb:28:in `call'
  rack (1.6.1) lib/rack/lock.rb:17:in `call'
  actionpack (4.2.0) lib/action_dispatch/middleware/static.rb:113:in `call'
  rack (1.6.1) lib/rack/sendfile.rb:113:in `call'
  railties (4.2.0) lib/rails/engine.rb:518:in `call'
  railties (4.2.0) lib/rails/application.rb:164:in `call'
  rack (1.6.1) lib/rack/content_length.rb:15:in `call'
  puma (2.9.1) lib/puma/server.rb:490:in `handle_request'
  puma (2.9.1) lib/puma/server.rb:361:in `process_client'
  puma (2.9.1) lib/puma/server.rb:254:in `block in run'
  puma (2.9.1) lib/puma/thread_pool.rb:92:in `call'
  puma (2.9.1) lib/puma/thread_pool.rb:92:in `block in spawn_thread'


  Rendered /home/mao/.rvm/gems/ruby-2.2.0/gems/actionpack-4.2.0/lib/action_dispatch/middleware/templates/rescues/_source.erb (3.5ms)
  Rendered /home/mao/.rvm/gems/ruby-2.2.0/gems/actionpack-4.2.0/lib/action_dispatch/middleware/templates/rescues/_trace.html.erb (2.2ms)
  Rendered /home/mao/.rvm/gems/ruby-2.2.0/gems/actionpack-4.2.0/lib/action_dispatch/middleware/templates/rescues/_request_and_response.html.erb (1.3ms)
  Rendered /home/mao/.rvm/gems/ruby-2.2.0/gems/actionpack-4.2.0/lib/action_dispatch/middleware/templates/rescues/diagnostics.html.erb within rescues/layout (27.2ms)


Started GET "/" for 192.168.56.1 at 2015-07-25 13:15:29 +1200
  [1m[35mActiveRecord::SchemaMigration Load (1.2ms)[0m  SELECT "schema_migrations".* FROM "schema_migrations"

ActiveRecord::PendingMigrationError (

Migrations are pending. To resolve this issue, run:

	bin/rake db:migrate RAILS_ENV=development

):
  activerecord (4.2.0) lib/active_record/migration.rb:393:in `check_pending!'
  activerecord (4.2.0) lib/active_record/migration.rb:374:in `call'
  actionpack (4.2.0) lib/action_dispatch/middleware/callbacks.rb:29:in `block in call'
  activesupport (4.2.0) lib/active_support/callbacks.rb:88:in `call'
  activesupport (4.2.0) lib/active_support/callbacks.rb:88:in `_run_callbacks'
  activesupport (4.2.0) lib/active_support/callbacks.rb:734:in `_run_call_callbacks'
  activesupport (4.2.0) lib/active_support/callbacks.rb:81:in `run_callbacks'
  actionpack (4.2.0) lib/action_dispatch/middleware/callbacks.rb:27:in `call'
  actionpack (4.2.0) lib/action_dispatch/middleware/reloader.rb:73:in `call'
  actionpack (4.2.0) lib/action_dispatch/middleware/remote_ip.rb:78:in `call'
  actionpack (4.2.0) lib/action_dispatch/middleware/debug_exceptions.rb:17:in `call'
  actionpack (4.2.0) lib/action_dispatch/middleware/show_exceptions.rb:30:in `call'
  railties (4.2.0) lib/rails/rack/logger.rb:38:in `call_app'
  railties (4.2.0) lib/rails/rack/logger.rb:20:in `block in call'
  activesupport (4.2.0) lib/active_support/tagged_logging.rb:68:in `block in tagged'
  activesupport (4.2.0) lib/active_support/tagged_logging.rb:26:in `tagged'
  activesupport (4.2.0) lib/active_support/tagged_logging.rb:68:in `tagged'
  railties (4.2.0) lib/rails/rack/logger.rb:20:in `call'
  actionpack (4.2.0) lib/action_dispatch/middleware/request_id.rb:21:in `call'
  rack (1.6.1) lib/rack/methodoverride.rb:22:in `call'
  rack (1.6.1) lib/rack/runtime.rb:18:in `call'
  activesupport (4.2.0) lib/active_support/cache/strategy/local_cache_middleware.rb:28:in `call'
  rack (1.6.1) lib/rack/lock.rb:17:in `call'
  actionpack (4.2.0) lib/action_dispatch/middleware/static.rb:113:in `call'
  rack (1.6.1) lib/rack/sendfile.rb:113:in `call'
  railties (4.2.0) lib/rails/engine.rb:518:in `call'
  railties (4.2.0) lib/rails/application.rb:164:in `call'
  rack (1.6.1) lib/rack/content_length.rb:15:in `call'
  puma (2.9.1) lib/puma/server.rb:490:in `handle_request'
  puma (2.9.1) lib/puma/server.rb:361:in `process_client'
  puma (2.9.1) lib/puma/server.rb:254:in `block in run'
  puma (2.9.1) lib/puma/thread_pool.rb:92:in `call'
  puma (2.9.1) lib/puma/thread_pool.rb:92:in `block in spawn_thread'


  Rendered /home/mao/.rvm/gems/ruby-2.2.0/gems/actionpack-4.2.0/lib/action_dispatch/middleware/templates/rescues/_source.erb (4.1ms)
  Rendered /home/mao/.rvm/gems/ruby-2.2.0/gems/actionpack-4.2.0/lib/action_dispatch/middleware/templates/rescues/_trace.html.erb (2.5ms)
  Rendered /home/mao/.rvm/gems/ruby-2.2.0/gems/actionpack-4.2.0/lib/action_dispatch/middleware/templates/rescues/_request_and_response.html.erb (0.8ms)
  Rendered /home/mao/.rvm/gems/ruby-2.2.0/gems/actionpack-4.2.0/lib/action_dispatch/middleware/templates/rescues/diagnostics.html.erb within rescues/layout (24.9ms)


Started GET "/posts" for 192.168.56.1 at 2015-07-25 13:15:30 +1200
  [1m[36mActiveRecord::SchemaMigration Load (0.1ms)[0m  [1mSELECT "schema_migrations".* FROM "schema_migrations"[0m

ActiveRecord::PendingMigrationError (

Migrations are pending. To resolve this issue, run:

	bin/rake db:migrate RAILS_ENV=development

):
  activerecord (4.2.0) lib/active_record/migration.rb:393:in `check_pending!'
  activerecord (4.2.0) lib/active_record/migration.rb:374:in `call'
  actionpack (4.2.0) lib/action_dispatch/middleware/callbacks.rb:29:in `block in call'
  activesupport (4.2.0) lib/active_support/callbacks.rb:88:in `call'
  activesupport (4.2.0) lib/active_support/callbacks.rb:88:in `_run_callbacks'
  activesupport (4.2.0) lib/active_support/callbacks.rb:734:in `_run_call_callbacks'
  activesupport (4.2.0) lib/active_support/callbacks.rb:81:in `run_callbacks'
  actionpack (4.2.0) lib/action_dispatch/middleware/callbacks.rb:27:in `call'
  actionpack (4.2.0) lib/action_dispatch/middleware/reloader.rb:73:in `call'
  actionpack (4.2.0) lib/action_dispatch/middleware/remote_ip.rb:78:in `call'
  actionpack (4.2.0) lib/action_dispatch/middleware/debug_exceptions.rb:17:in `call'
  actionpack (4.2.0) lib/action_dispatch/middleware/show_exceptions.rb:30:in `call'
  railties (4.2.0) lib/rails/rack/logger.rb:38:in `call_app'
  railties (4.2.0) lib/rails/rack/logger.rb:20:in `block in call'
  activesupport (4.2.0) lib/active_support/tagged_logging.rb:68:in `block in tagged'
  activesupport (4.2.0) lib/active_support/tagged_logging.rb:26:in `tagged'
  activesupport (4.2.0) lib/active_support/tagged_logging.rb:68:in `tagged'
  railties (4.2.0) lib/rails/rack/logger.rb:20:in `call'
  actionpack (4.2.0) lib/action_dispatch/middleware/request_id.rb:21:in `call'
  rack (1.6.1) lib/rack/methodoverride.rb:22:in `call'
  rack (1.6.1) lib/rack/runtime.rb:18:in `call'
  activesupport (4.2.0) lib/active_support/cache/strategy/local_cache_middleware.rb:28:in `call'
  rack (1.6.1) lib/rack/lock.rb:17:in `call'
  actionpack (4.2.0) lib/action_dispatch/middleware/static.rb:113:in `call'
  rack (1.6.1) lib/rack/sendfile.rb:113:in `call'
  railties (4.2.0) lib/rails/engine.rb:518:in `call'
  railties (4.2.0) lib/rails/application.rb:164:in `call'
  rack (1.6.1) lib/rack/content_length.rb:15:in `call'
  puma (2.9.1) lib/puma/server.rb:490:in `handle_request'
  puma (2.9.1) lib/puma/server.rb:361:in `process_client'
  puma (2.9.1) lib/puma/server.rb:254:in `block in run'
  puma (2.9.1) lib/puma/thread_pool.rb:92:in `call'
  puma (2.9.1) lib/puma/thread_pool.rb:92:in `block in spawn_thread'


  Rendered /home/mao/.rvm/gems/ruby-2.2.0/gems/actionpack-4.2.0/lib/action_dispatch/middleware/templates/rescues/_source.erb (1.7ms)
  Rendered /home/mao/.rvm/gems/ruby-2.2.0/gems/actionpack-4.2.0/lib/action_dispatch/middleware/templates/rescues/_trace.html.erb (1.8ms)
  Rendered /home/mao/.rvm/gems/ruby-2.2.0/gems/actionpack-4.2.0/lib/action_dispatch/middleware/templates/rescues/_request_and_response.html.erb (1.0ms)
  Rendered /home/mao/.rvm/gems/ruby-2.2.0/gems/actionpack-4.2.0/lib/action_dispatch/middleware/templates/rescues/diagnostics.html.erb within rescues/layout (21.6ms)
  [1m[36mActiveRecord::SchemaMigration Load (0.4ms)[0m  [1mSELECT "schema_migrations".* FROM "schema_migrations"[0m
Migrating to CreatePosts (20150725011449)
  [1m[35m (0.2ms)[0m  BEGIN
  [1m[36m (1.9ms)[0m  [1mCREATE TABLE "posts" ("id" serial primary key, "title" character varying, "body" text, "name" character varying, "addr" text, "DOB" time, "created_at" timestamp NOT NULL, "updated_at" timestamp NOT NULL) [0m
PG::DuplicateTable: ERROR:  relation "posts" already exists
: CREATE TABLE "posts" ("id" serial primary key, "title" character varying, "body" text, "name" character varying, "addr" text, "DOB" time, "created_at" timestamp NOT NULL, "updated_at" timestamp NOT NULL) 
  [1m[35m (0.1ms)[0m  ROLLBACK
  [1m[36mActiveRecord::SchemaMigration Load (0.4ms)[0m  [1mSELECT "schema_migrations".* FROM "schema_migrations"[0m
Migrating to CreatePosts (20150725011449)
  [1m[35m (0.2ms)[0m  BEGIN
  [1m[36m (2.5ms)[0m  [1mCREATE TABLE "posts" ("id" serial primary key, "title" character varying, "body" text, "name" character varying, "addr" text, "DOB" time, "created_at" timestamp NOT NULL, "updated_at" timestamp NOT NULL) [0m
PG::DuplicateTable: ERROR:  relation "posts" already exists
: CREATE TABLE "posts" ("id" serial primary key, "title" character varying, "body" text, "name" character varying, "addr" text, "DOB" time, "created_at" timestamp NOT NULL, "updated_at" timestamp NOT NULL) 
  [1m[35m (0.1ms)[0m  ROLLBACK
  [1m[36mActiveRecord::SchemaMigration Load (2.8ms)[0m  [1mSELECT "schema_migrations".* FROM "schema_migrations"[0m
Migrating to CreatePosts (20150725011449)
  [1m[35m (0.1ms)[0m  BEGIN
  [1m[36m (9.9ms)[0m  [1mCREATE TABLE "posts" ("id" serial primary key, "title" character varying, "body" text, "name" character varying, "addr" text, "DOB" time, "created_at" timestamp NOT NULL, "updated_at" timestamp NOT NULL) [0m
  [1m[35mSQL (0.2ms)[0m  INSERT INTO "schema_migrations" ("version") VALUES ($1)  [["version", "20150725011449"]]
  [1m[36m (7.8ms)[0m  [1mCOMMIT[0m
Migrating to CreateUsers (20150725011646)
  [1m[35m (0.2ms)[0m  BEGIN
  [1m[36m (18.8ms)[0m  [1mCREATE TABLE "users" ("id" serial primary key, "title" character varying, "body" text, "name" character varying, "addr" text, "DOB" time, "created_at" timestamp NOT NULL, "updated_at" timestamp NOT NULL) [0m
  [1m[35mSQL (0.2ms)[0m  INSERT INTO "schema_migrations" ("version") VALUES ($1)  [["version", "20150725011646"]]
  [1m[36m (8.8ms)[0m  [1mCOMMIT[0m
  [1m[35mActiveRecord::SchemaMigration Load (0.2ms)[0m  SELECT "schema_migrations".* FROM "schema_migrations"
  [1m[36m (4.6ms)[0m  [1mSELECT t2.oid::regclass::text AS to_table, a1.attname AS column, a2.attname AS primary_key, c.conname AS name, c.confupdtype AS on_update, c.confdeltype AS on_delete
FROM pg_constraint c
JOIN pg_class t1 ON c.conrelid = t1.oid
JOIN pg_class t2 ON c.confrelid = t2.oid
JOIN pg_attribute a1 ON a1.attnum = c.conkey[1] AND a1.attrelid = t1.oid
JOIN pg_attribute a2 ON a2.attnum = c.confkey[1] AND a2.attrelid = t2.oid
JOIN pg_namespace t3 ON c.connamespace = t3.oid
WHERE c.contype = 'f'
  AND t1.relname = 'posts'
  AND t3.nspname = ANY (current_schemas(false))
ORDER BY c.conname
[0m
  [1m[35m (5.1ms)[0m  SELECT t2.oid::regclass::text AS to_table, a1.attname AS column, a2.attname AS primary_key, c.conname AS name, c.confupdtype AS on_update, c.confdeltype AS on_delete
FROM pg_constraint c
JOIN pg_class t1 ON c.conrelid = t1.oid
JOIN pg_class t2 ON c.confrelid = t2.oid
JOIN pg_attribute a1 ON a1.attnum = c.conkey[1] AND a1.attrelid = t1.oid
JOIN pg_attribute a2 ON a2.attnum = c.confkey[1] AND a2.attrelid = t2.oid
JOIN pg_namespace t3 ON c.connamespace = t3.oid
WHERE c.contype = 'f'
  AND t1.relname = 'users'
  AND t3.nspname = ANY (current_schemas(false))
ORDER BY c.conname

  [1m[36m (2.9ms)[0m  [1mSELECT t2.oid::regclass::text AS to_table, a1.attname AS column, a2.attname AS primary_key, c.conname AS name, c.confupdtype AS on_update, c.confdeltype AS on_delete
FROM pg_constraint c
JOIN pg_class t1 ON c.conrelid = t1.oid
JOIN pg_class t2 ON c.confrelid = t2.oid
JOIN pg_attribute a1 ON a1.attnum = c.conkey[1] AND a1.attrelid = t1.oid
JOIN pg_attribute a2 ON a2.attnum = c.confkey[1] AND a2.attrelid = t2.oid
JOIN pg_namespace t3 ON c.connamespace = t3.oid
WHERE c.contype = 'f'
  AND t1.relname = 'widgets'
  AND t3.nspname = ANY (current_schemas(false))
ORDER BY c.conname
[0m


Started GET "/posts" for 192.168.56.1 at 2015-07-25 13:17:53 +1200
  [1m[36mActiveRecord::SchemaMigration Load (0.4ms)[0m  [1mSELECT "schema_migrations".* FROM "schema_migrations"[0m
Processing by PostsController#index as HTML
  [1m[35mPost Load (0.5ms)[0m  SELECT "posts".* FROM "posts"
  Rendered posts/index.html.erb within layouts/application (4.7ms)
Completed 200 OK in 318ms (Views: 305.6ms | ActiveRecord: 1.2ms)


Started GET "/assets/jquery_ujs.js?body=1" for 192.168.56.1 at 2015-07-25 13:17:54 +1200


Started GET "/assets/posts.js?body=1" for 192.168.56.1 at 2015-07-25 13:17:54 +1200


Started GET "/assets/posts.css?body=1" for 192.168.56.1 at 2015-07-25 13:17:54 +1200


Started GET "/assets/scaffolds.css?body=1" for 192.168.56.1 at 2015-07-25 13:17:54 +1200


Started GET "/assets/turbolinks.js?body=1" for 192.168.56.1 at 2015-07-25 13:17:54 +1200


Started GET "/assets/welcome.css?body=1" for 192.168.56.1 at 2015-07-25 13:17:54 +1200


Started GET "/assets/users.js?body=1" for 192.168.56.1 at 2015-07-25 13:17:54 +1200


Started GET "/assets/users.css?body=1" for 192.168.56.1 at 2015-07-25 13:17:54 +1200


Started GET "/assets/theme.css?body=1" for 192.168.56.1 at 2015-07-25 13:17:54 +1200


Started GET "/assets/application.css?body=1" for 192.168.56.1 at 2015-07-25 13:17:54 +1200


Started GET "/assets/jquery.js?body=1" for 192.168.56.1 at 2015-07-25 13:17:54 +1200


Started GET "/assets/widgets.css?body=1" for 192.168.56.1 at 2015-07-25 13:17:54 +1200


Started GET "/assets/application.js?body=1" for 192.168.56.1 at 2015-07-25 13:17:54 +1200


Started GET "/assets/welcome.js?body=1" for 192.168.56.1 at 2015-07-25 13:17:54 +1200


Started GET "/assets/widgets.js?body=1" for 192.168.56.1 at 2015-07-25 13:17:54 +1200


Started GET "/posts/new" for 192.168.56.1 at 2015-07-25 13:18:00 +1200
Processing by PostsController#new as HTML
  Rendered posts/_form.html.erb (38.6ms)
  Rendered posts/new.html.erb within layouts/application (58.4ms)
Completed 200 OK in 135ms (Views: 125.0ms | ActiveRecord: 1.9ms)


Started POST "/posts" for 192.168.56.1 at 2015-07-25 13:18:26 +1200
Processing by PostsController#create as HTML
  Parameters: {"utf8"=>"✓", "authenticity_token"=>"SNZ5dIYjFg3YsPluZo3b5nAZ2wN9NvOljH4bo+JFI57jnyuuVJi6Bg5+ZEQyOMKEt79wekS7GzXGfioE2peBaw==", "post"=>{"title"=>"ssss", "body"=>"sssss", "name"=>"sssss", "addr"=>"sssss", "DOB(1i)"=>"2015", "DOB(2i)"=>"7", "DOB(3i)"=>"25", "DOB(4i)"=>"05", "DOB(5i)"=>"13"}, "commit"=>"Create Post"}
  [1m[36m (0.2ms)[0m  [1mBEGIN[0m
  [1m[35mSQL (1.7ms)[0m  INSERT INTO "posts" ("title", "body", "name", "addr", "DOB", "created_at", "updated_at") VALUES ($1, $2, $3, $4, $5, $6, $7) RETURNING "id"  [["title", "ssss"], ["body", "sssss"], ["name", "sssss"], ["addr", "sssss"], ["DOB", "2015-07-25 05:13:00.000000"], ["created_at", "2015-07-25 01:18:26.132511"], ["updated_at", "2015-07-25 01:18:26.132511"]]
  [1m[36m (13.5ms)[0m  [1mCOMMIT[0m
Redirected to http://maovm:3000/posts/1
Completed 302 Found in 30ms (ActiveRecord: 15.6ms)


Started GET "/posts/1" for 192.168.56.1 at 2015-07-25 13:18:26 +1200
Processing by PostsController#show as HTML
  Parameters: {"id"=>"1"}
  [1m[35mPost Load (0.4ms)[0m  SELECT  "posts".* FROM "posts" WHERE "posts"."id" = $1 LIMIT 1  [["id", 1]]
  Rendered posts/show.html.erb within layouts/application (1.2ms)
Completed 200 OK in 88ms (Views: 77.2ms | ActiveRecord: 0.4ms)


Started GET "/assets/jquery.js?body=1" for 192.168.56.1 at 2015-07-25 13:18:26 +1200


Started GET "/assets/turbolinks.js?body=1" for 192.168.56.1 at 2015-07-25 13:18:26 +1200


Started GET "/assets/widgets.js?body=1" for 192.168.56.1 at 2015-07-25 13:18:26 +1200


Started GET "/assets/jquery_ujs.js?body=1" for 192.168.56.1 at 2015-07-25 13:18:26 +1200


Started GET "/assets/welcome.js?body=1" for 192.168.56.1 at 2015-07-25 13:18:26 +1200


Started GET "/assets/application.js?body=1" for 192.168.56.1 at 2015-07-25 13:18:26 +1200


Started GET "/assets/theme.css?body=1" for 192.168.56.1 at 2015-07-25 13:18:26 +1200


Started GET "/assets/application.css?body=1" for 192.168.56.1 at 2015-07-25 13:18:26 +1200


Started GET "/posts" for 192.168.56.1 at 2015-07-25 13:18:31 +1200
Processing by PostsController#index as HTML
  [1m[36mPost Load (0.4ms)[0m  [1mSELECT "posts".* FROM "posts"[0m
  Rendered posts/index.html.erb within layouts/application (2.9ms)
Completed 200 OK in 54ms (Views: 53.1ms | ActiveRecord: 0.4ms)


Started GET "/posts/new" for 192.168.56.1 at 2015-07-25 13:18:34 +1200
Processing by PostsController#new as HTML
  Rendered posts/_form.html.erb (4.0ms)
  Rendered posts/new.html.erb within layouts/application (5.5ms)
Completed 200 OK in 81ms (Views: 80.4ms | ActiveRecord: 0.0ms)


Started GET "/posts/new" for 192.168.56.1 at 2015-07-25 13:19:18 +1200
Processing by PostsController#new as HTML
  Rendered posts/_form.html.erb (4.8ms)
  Rendered posts/new.html.erb within layouts/application (7.8ms)
Completed 200 OK in 69ms (Views: 68.3ms | ActiveRecord: 0.0ms)


Started GET "/assets/jquery_ujs.js?body=1" for 192.168.56.1 at 2015-07-25 13:19:18 +1200


Started GET "/assets/users.js?body=1" for 192.168.56.1 at 2015-07-25 13:19:18 +1200


Started GET "/assets/turbolinks.js?body=1" for 192.168.56.1 at 2015-07-25 13:19:18 +1200


Started GET "/assets/posts.js?body=1" for 192.168.56.1 at 2015-07-25 13:19:18 +1200


Started GET "/assets/welcome.css?body=1" for 192.168.56.1 at 2015-07-25 13:19:18 +1200


Started GET "/assets/jquery.js?body=1" for 192.168.56.1 at 2015-07-25 13:19:18 +1200


Started GET "/assets/posts.css?body=1" for 192.168.56.1 at 2015-07-25 13:19:18 +1200


Started GET "/assets/theme.css?body=1" for 192.168.56.1 at 2015-07-25 13:19:18 +1200


Started GET "/assets/users.css?body=1" for 192.168.56.1 at 2015-07-25 13:19:18 +1200


Started GET "/assets/welcome.js?body=1" for 192.168.56.1 at 2015-07-25 13:19:18 +1200


Started GET "/assets/widgets.css?body=1" for 192.168.56.1 at 2015-07-25 13:19:18 +1200


Started GET "/assets/application.css?body=1" for 192.168.56.1 at 2015-07-25 13:19:18 +1200


Started GET "/assets/scaffolds.css?body=1" for 192.168.56.1 at 2015-07-25 13:19:18 +1200


Started GET "/assets/widgets.js?body=1" for 192.168.56.1 at 2015-07-25 13:19:18 +1200


Started GET "/assets/application.js?body=1" for 192.168.56.1 at 2015-07-25 13:19:18 +1200


Started GET "/posts" for 192.168.56.1 at 2015-07-25 13:19:19 +1200
Processing by PostsController#index as HTML
  [1m[35mPost Load (0.4ms)[0m  SELECT "posts".* FROM "posts"
  Rendered posts/index.html.erb within layouts/application (2.7ms)
Completed 200 OK in 64ms (Views: 62.9ms | ActiveRecord: 0.4ms)


Started GET "/assets/jquery_ujs.js?body=1" for 192.168.56.1 at 2015-07-25 13:19:19 +1200


Started GET "/assets/turbolinks.js?body=1" for 192.168.56.1 at 2015-07-25 13:19:19 +1200


Started GET "/assets/posts.js?body=1" for 192.168.56.1 at 2015-07-25 13:19:19 +1200


Started GET "/assets/posts.css?body=1" for 192.168.56.1 at 2015-07-25 13:19:19 +1200


Started GET "/assets/jquery.js?body=1" for 192.168.56.1 at 2015-07-25 13:19:19 +1200


Started GET "/assets/users.js?body=1" for 192.168.56.1 at 2015-07-25 13:19:19 +1200


Started GET "/assets/users.css?body=1" for 192.168.56.1 at 2015-07-25 13:19:19 +1200


Started GET "/assets/welcome.css?body=1" for 192.168.56.1 at 2015-07-25 13:19:19 +1200


Started GET "/assets/theme.css?body=1" for 192.168.56.1 at 2015-07-25 13:19:19 +1200


Started GET "/assets/welcome.js?body=1" for 192.168.56.1 at 2015-07-25 13:19:19 +1200


Started GET "/assets/widgets.js?body=1" for 192.168.56.1 at 2015-07-25 13:19:19 +1200


Started GET "/assets/scaffolds.css?body=1" for 192.168.56.1 at 2015-07-25 13:19:19 +1200


Started GET "/assets/application.css?body=1" for 192.168.56.1 at 2015-07-25 13:19:19 +1200


Started GET "/assets/widgets.css?body=1" for 192.168.56.1 at 2015-07-25 13:19:19 +1200


Started GET "/assets/application.js?body=1" for 192.168.56.1 at 2015-07-25 13:19:19 +1200


Started GET "/" for 192.168.56.1 at 2015-07-25 13:19:19 +1200
Processing by WelcomeController#index as HTML
  Rendered welcome/index.erb within layouts/application (3.4ms)
Completed 200 OK in 72ms (Views: 70.8ms | ActiveRecord: 0.0ms)


Started GET "/assets/turbolinks.js?body=1" for 192.168.56.1 at 2015-07-25 13:19:20 +1200


Started GET "/assets/posts.js?body=1" for 192.168.56.1 at 2015-07-25 13:19:20 +1200


Started GET "/assets/jquery.js?body=1" for 192.168.56.1 at 2015-07-25 13:19:20 +1200


Started GET "/assets/posts.css?body=1" for 192.168.56.1 at 2015-07-25 13:19:20 +1200


Started GET "/assets/users.js?body=1" for 192.168.56.1 at 2015-07-25 13:19:20 +1200


Started GET "/assets/jquery_ujs.js?body=1" for 192.168.56.1 at 2015-07-25 13:19:20 +1200


Started GET "/assets/welcome.css?body=1" for 192.168.56.1 at 2015-07-25 13:19:20 +1200


Started GET "/assets/users.css?body=1" for 192.168.56.1 at 2015-07-25 13:19:20 +1200


Started GET "/assets/theme.css?body=1" for 192.168.56.1 at 2015-07-25 13:19:20 +1200


Started GET "/assets/welcome.js?body=1" for 192.168.56.1 at 2015-07-25 13:19:20 +1200


Started GET "/assets/widgets.js?body=1" for 192.168.56.1 at 2015-07-25 13:19:20 +1200


Started GET "/assets/scaffolds.css?body=1" for 192.168.56.1 at 2015-07-25 13:19:20 +1200


Started GET "/assets/widgets.css?body=1" for 192.168.56.1 at 2015-07-25 13:19:20 +1200


Started GET "/assets/application.css?body=1" for 192.168.56.1 at 2015-07-25 13:19:20 +1200


Started GET "/assets/application.js?body=1" for 192.168.56.1 at 2015-07-25 13:19:20 +1200


Started GET "/assets/lang-logo.png" for 192.168.56.1 at 2015-07-25 13:19:20 +1200


Started GET "/users" for 192.168.56.1 at 2015-07-25 13:19:22 +1200
Processing by UsersController#index as HTML
  [1m[36mUser Load (1.5ms)[0m  [1mSELECT "users".* FROM "users"[0m
  Rendered users/index.html.erb within layouts/application (4.9ms)
Completed 200 OK in 73ms (Views: 68.4ms | ActiveRecord: 2.2ms)


Started GET "/assets/jquery.js?body=1" for 192.168.56.1 at 2015-07-25 13:19:22 +1200


Started GET "/assets/jquery_ujs.js?body=1" for 192.168.56.1 at 2015-07-25 13:19:22 +1200


Started GET "/assets/welcome.js?body=1" for 192.168.56.1 at 2015-07-25 13:19:22 +1200


Started GET "/assets/application.js?body=1" for 192.168.56.1 at 2015-07-25 13:19:22 +1200


Started GET "/assets/turbolinks.js?body=1" for 192.168.56.1 at 2015-07-25 13:19:22 +1200


Started GET "/assets/theme.css?body=1" for 192.168.56.1 at 2015-07-25 13:19:22 +1200


Started GET "/assets/widgets.js?body=1" for 192.168.56.1 at 2015-07-25 13:19:22 +1200


Started GET "/assets/application.css?body=1" for 192.168.56.1 at 2015-07-25 13:19:22 +1200


Started GET "/users/new" for 192.168.56.1 at 2015-07-25 13:19:25 +1200
Processing by UsersController#new as HTML
  Rendered users/_form.html.erb (6.0ms)
  Rendered users/new.html.erb within layouts/application (7.6ms)
Completed 200 OK in 75ms (Views: 70.1ms | ActiveRecord: 0.6ms)


Started POST "/users" for 192.168.56.1 at 2015-07-25 13:19:42 +1200
Processing by UsersController#create as HTML
  Parameters: {"utf8"=>"✓", "authenticity_token"=>"+xBvgxErWmohmz6QzubVG+RsSuJjeU9aBIRcdmLWQHpQWT1Zw5D2YfdVo7qaU8x5I8rhm1r0p8pOhG3RWgTijw==", "user"=>{"title"=>"s", "body"=>"a", "name"=>"ma", "addr"=>"dddddddddddddddddd", "DOB(1i)"=>"2015", "DOB(2i)"=>"7", "DOB(3i)"=>"25", "DOB(4i)"=>"01", "DOB(5i)"=>"19"}, "commit"=>"Create User"}
  [1m[35m (0.1ms)[0m  BEGIN
  [1m[36mSQL (0.8ms)[0m  [1mINSERT INTO "users" ("title", "body", "name", "addr", "DOB", "created_at", "updated_at") VALUES ($1, $2, $3, $4, $5, $6, $7) RETURNING "id"[0m  [["title", "s"], ["body", "a"], ["name", "ma"], ["addr", "dddddddddddddddddd"], ["DOB", "2015-07-25 01:19:00.000000"], ["created_at", "2015-07-25 01:19:42.884083"], ["updated_at", "2015-07-25 01:19:42.884083"]]
  [1m[35m (14.1ms)[0m  COMMIT
Redirected to http://maovm:3000/users/1
Completed 302 Found in 24ms (ActiveRecord: 15.0ms)


Started GET "/users/1" for 192.168.56.1 at 2015-07-25 13:19:42 +1200
Processing by UsersController#show as HTML
  Parameters: {"id"=>"1"}
  [1m[36mUser Load (0.3ms)[0m  [1mSELECT  "users".* FROM "users" WHERE "users"."id" = $1 LIMIT 1[0m  [["id", 1]]
  Rendered users/show.html.erb within layouts/application (1.1ms)
Completed 200 OK in 81ms (Views: 77.3ms | ActiveRecord: 0.3ms)


Started GET "/assets/jquery.js?body=1" for 192.168.56.1 at 2015-07-25 13:19:43 +1200


Started GET "/assets/turbolinks.js?body=1" for 192.168.56.1 at 2015-07-25 13:19:43 +1200


Started GET "/assets/welcome.js?body=1" for 192.168.56.1 at 2015-07-25 13:19:43 +1200


Started GET "/assets/widgets.js?body=1" for 192.168.56.1 at 2015-07-25 13:19:43 +1200


Started GET "/assets/application.js?body=1" for 192.168.56.1 at 2015-07-25 13:19:43 +1200


Started GET "/assets/theme.css?body=1" for 192.168.56.1 at 2015-07-25 13:19:43 +1200


Started GET "/assets/jquery_ujs.js?body=1" for 192.168.56.1 at 2015-07-25 13:19:43 +1200


Started GET "/assets/application.css?body=1" for 192.168.56.1 at 2015-07-25 13:19:43 +1200


Started GET "/users" for 192.168.56.1 at 2015-07-25 13:19:44 +1200
Processing by UsersController#index as HTML
  [1m[35mUser Load (0.3ms)[0m  SELECT "users".* FROM "users"
  Rendered users/index.html.erb within layouts/application (2.9ms)
Completed 200 OK in 61ms (Views: 59.3ms | ActiveRecord: 0.3ms)
DEPRECATION WARNING: Defining a route where `to` is a controller without an action is deprecated. Please change `to: :users` to `controller: :users`. (called from block in <top (required)> at /home/mao/git/ruby-getting-started/config/routes.rb:13)


Started GET "/users" for 192.168.56.1 at 2015-07-25 13:25:39 +1200
  [1m[36mActiveRecord::SchemaMigration Load (0.3ms)[0m  [1mSELECT "schema_migrations".* FROM "schema_migrations"[0m
Processing by UsersController#index as HTML
  [1m[35mUser Load (1.5ms)[0m  SELECT "users".* FROM "users"
  Rendered users/index.html.erb within layouts/application (14.7ms)
Completed 200 OK in 141ms (Views: 125.5ms | ActiveRecord: 4.3ms)


Started GET "/assets/jquery.js?body=1" for 192.168.56.1 at 2015-07-25 13:25:40 +1200


Started GET "/assets/jquery_ujs.js?body=1" for 192.168.56.1 at 2015-07-25 13:25:40 +1200


Started GET "/assets/turbolinks.js?body=1" for 192.168.56.1 at 2015-07-25 13:25:40 +1200


Started GET "/assets/posts.js?body=1" for 192.168.56.1 at 2015-07-25 13:25:40 +1200


Started GET "/assets/welcome.js?body=1" for 192.168.56.1 at 2015-07-25 13:25:40 +1200


Started GET "/assets/users.js?body=1" for 192.168.56.1 at 2015-07-25 13:25:40 +1200


Started GET "/assets/posts.css?body=1" for 192.168.56.1 at 2015-07-25 13:25:40 +1200


Started GET "/assets/theme.css?body=1" for 192.168.56.1 at 2015-07-25 13:25:40 +1200


Started GET "/assets/welcome.css?body=1" for 192.168.56.1 at 2015-07-25 13:25:40 +1200


Started GET "/assets/application.css?body=1" for 192.168.56.1 at 2015-07-25 13:25:40 +1200


Started GET "/assets/application.js?body=1" for 192.168.56.1 at 2015-07-25 13:25:40 +1200


Started GET "/assets/scaffolds.css?body=1" for 192.168.56.1 at 2015-07-25 13:25:40 +1200


Started GET "/assets/users.css?body=1" for 192.168.56.1 at 2015-07-25 13:25:40 +1200


Started GET "/assets/widgets.css?body=1" for 192.168.56.1 at 2015-07-25 13:25:40 +1200


Started GET "/assets/widgets.js?body=1" for 192.168.56.1 at 2015-07-25 13:25:40 +1200


Started GET "/" for 192.168.56.1 at 2015-07-25 14:08:33 +1200
  [1m[36mActiveRecord::SchemaMigration Load (0.6ms)[0m  [1mSELECT "schema_migrations".* FROM "schema_migrations"[0m
Processing by WelcomeController#index as HTML
  Rendered welcome/index.erb within layouts/application (11.0ms)
Completed 200 OK in 210ms (Views: 199.6ms | ActiveRecord: 0.0ms)


Started GET "/assets/jquery_ujs.js?body=1" for 192.168.56.1 at 2015-07-25 14:08:34 +1200


Started GET "/assets/turbolinks.js?body=1" for 192.168.56.1 at 2015-07-25 14:08:34 +1200


Started GET "/assets/users.js?body=1" for 192.168.56.1 at 2015-07-25 14:08:34 +1200


Started GET "/assets/posts.js?body=1" for 192.168.56.1 at 2015-07-25 14:08:34 +1200


Started GET "/assets/jquery.js?body=1" for 192.168.56.1 at 2015-07-25 14:08:34 +1200


Started GET "/assets/welcome.js?body=1" for 192.168.56.1 at 2015-07-25 14:08:34 +1200


Started GET "/assets/posts.css?body=1" for 192.168.56.1 at 2015-07-25 14:08:34 +1200


Started GET "/assets/users.css?body=1" for 192.168.56.1 at 2015-07-25 14:08:34 +1200


Started GET "/assets/scaffolds.css?body=1" for 192.168.56.1 at 2015-07-25 14:08:34 +1200


Started GET "/assets/application.css?body=1" for 192.168.56.1 at 2015-07-25 14:08:34 +1200


Started GET "/assets/application.js?body=1" for 192.168.56.1 at 2015-07-25 14:08:34 +1200


Started GET "/assets/welcome.css?body=1" for 192.168.56.1 at 2015-07-25 14:08:34 +1200


Started GET "/assets/widgets.css?body=1" for 192.168.56.1 at 2015-07-25 14:08:34 +1200


Started GET "/assets/theme.css?body=1" for 192.168.56.1 at 2015-07-25 14:08:34 +1200


Started GET "/assets/widgets.js?body=1" for 192.168.56.1 at 2015-07-25 14:08:34 +1200


Started GET "/assets/lang-logo.png" for 192.168.56.1 at 2015-07-25 14:08:34 +1200


Started GET "/posts" for 192.168.56.1 at 2015-07-25 14:08:36 +1200
Processing by PostsController#index as HTML
  [1m[35mPost Load (2.6ms)[0m  SELECT "posts".* FROM "posts"
  Rendered posts/index.html.erb within layouts/application (19.8ms)
Completed 200 OK in 105ms (Views: 92.2ms | ActiveRecord: 9.0ms)


Started GET "/assets/turbolinks.js?body=1" for 192.168.56.1 at 2015-07-25 14:08:37 +1200


Started GET "/assets/posts.js?body=1" for 192.168.56.1 at 2015-07-25 14:08:37 +1200


Started GET "/assets/users.js?body=1" for 192.168.56.1 at 2015-07-25 14:08:37 +1200


Started GET "/assets/jquery_ujs.js?body=1" for 192.168.56.1 at 2015-07-25 14:08:37 +1200


Started GET "/assets/users.css?body=1" for 192.168.56.1 at 2015-07-25 14:08:37 +1200


Started GET "/assets/welcome.css?body=1" for 192.168.56.1 at 2015-07-25 14:08:37 +1200


Started GET "/assets/posts.css?body=1" for 192.168.56.1 at 2015-07-25 14:08:37 +1200


Started GET "/assets/theme.css?body=1" for 192.168.56.1 at 2015-07-25 14:08:37 +1200


Started GET "/assets/jquery.js?body=1" for 192.168.56.1 at 2015-07-25 14:08:37 +1200


Started GET "/assets/welcome.js?body=1" for 192.168.56.1 at 2015-07-25 14:08:37 +1200


Started GET "/assets/scaffolds.css?body=1" for 192.168.56.1 at 2015-07-25 14:08:37 +1200


Started GET "/assets/widgets.css?body=1" for 192.168.56.1 at 2015-07-25 14:08:37 +1200


Started GET "/assets/application.css?body=1" for 192.168.56.1 at 2015-07-25 14:08:37 +1200


Started GET "/assets/application.js?body=1" for 192.168.56.1 at 2015-07-25 14:08:37 +1200


Started GET "/assets/widgets.js?body=1" for 192.168.56.1 at 2015-07-25 14:08:37 +1200


Started GET "/posts/new" for 192.168.56.1 at 2015-07-25 14:08:41 +1200
Processing by PostsController#new as HTML
  Rendered posts/_form.html.erb (36.0ms)
  Rendered posts/new.html.erb within layouts/application (41.6ms)
Completed 200 OK in 96ms (Views: 95.1ms | ActiveRecord: 0.0ms)


Started POST "/posts" for 192.168.56.1 at 2015-07-25 14:08:52 +1200
Processing by PostsController#create as HTML
  Parameters: {"utf8"=>"✓", "authenticity_token"=>"po2Yn4A0XENvBjm22FAnupIrzLrvKQzv2EmQAAZdS1gNxMpFUo/wSLnIpJyM5T7YVY1nw9ak5H+SSaGnPo/prQ==", "post"=>{"title"=>"title22", "body"=>"body22", "name"=>"name22", "addr"=>"addr 22", "DOB(1i)"=>"2015", "DOB(2i)"=>"7", "DOB(3i)"=>"25", "DOB(4i)"=>"02", "DOB(5i)"=>"08"}, "commit"=>"Create Post"}
  [1m[36m (0.1ms)[0m  [1mBEGIN[0m
  [1m[35mSQL (2.1ms)[0m  INSERT INTO "posts" ("title", "body", "name", "addr", "DOB", "created_at", "updated_at") VALUES ($1, $2, $3, $4, $5, $6, $7) RETURNING "id"  [["title", "title22"], ["body", "body22"], ["name", "name22"], ["addr", "addr 22"], ["DOB", "2015-07-25 02:08:00.000000"], ["created_at", "2015-07-25 02:08:52.638002"], ["updated_at", "2015-07-25 02:08:52.638002"]]
  [1m[36m (1.4ms)[0m  [1mCOMMIT[0m
Redirected to http://maovm:3000/posts/2
Completed 302 Found in 18ms (ActiveRecord: 3.8ms)


Started GET "/posts/2" for 192.168.56.1 at 2015-07-25 14:08:52 +1200
Processing by PostsController#show as HTML
  Parameters: {"id"=>"2"}
  [1m[35mPost Load (0.3ms)[0m  SELECT  "posts".* FROM "posts" WHERE "posts"."id" = $1 LIMIT 1  [["id", 2]]
  Rendered posts/show.html.erb within layouts/application (1.6ms)
Completed 200 OK in 93ms (Views: 79.7ms | ActiveRecord: 0.3ms)


Started GET "/assets/jquery.js?body=1" for 192.168.56.1 at 2015-07-25 14:08:52 +1200


Started GET "/assets/posts.js?body=1" for 192.168.56.1 at 2015-07-25 14:08:52 +1200


Started GET "/assets/users.js?body=1" for 192.168.56.1 at 2015-07-25 14:08:52 +1200


Started GET "/assets/welcome.js?body=1" for 192.168.56.1 at 2015-07-25 14:08:52 +1200


Started GET "/assets/turbolinks.js?body=1" for 192.168.56.1 at 2015-07-25 14:08:52 +1200


Started GET "/assets/jquery_ujs.js?body=1" for 192.168.56.1 at 2015-07-25 14:08:52 +1200


Started GET "/assets/scaffolds.css?body=1" for 192.168.56.1 at 2015-07-25 14:08:52 +1200


Started GET "/assets/application.css?body=1" for 192.168.56.1 at 2015-07-25 14:08:52 +1200


Started GET "/assets/application.js?body=1" for 192.168.56.1 at 2015-07-25 14:08:52 +1200


Started GET "/assets/theme.css?body=1" for 192.168.56.1 at 2015-07-25 14:08:52 +1200


Started GET "/assets/widgets.js?body=1" for 192.168.56.1 at 2015-07-25 14:08:52 +1200


Started GET "/posts" for 192.168.56.1 at 2015-07-25 14:08:54 +1200
Processing by PostsController#index as HTML
  [1m[36mPost Load (0.4ms)[0m  [1mSELECT "posts".* FROM "posts"[0m
  Rendered posts/index.html.erb within layouts/application (4.8ms)
Completed 200 OK in 87ms (Views: 85.8ms | ActiveRecord: 0.4ms)
